Change Component Footprint: Designator=BT1 Old Footprint=BATHLD-001 New Footprint=MPD-CN-DIN-3_V
Change Component Comment : Designator=BT1 Old Comment=BAT-HLD-001 New Comment=BK-912-TR
Change Managed Component Library Link : Designator=BT1 Old VaultGUID=B7D15EC3-160A-466F-A46C-7801FE6295A7 New VaultGUID=B7D15EC3-160A-466F-A46C-7801FE6295A7 Old ItemGUID=E7C86092-35A7-4FCA-8719-3560D88AC2AD New ItemGUID=0D28BFB9-DF5A-44D3-B2A2-399DB2A2D9D4 Old RevisionGUID=7E1E8150-176F-4F44-B9B1-26A7BA5A377C New RevisionGUID=FE6C57C8-7355-4A8D-9D48-02FF0D7E6C1E
Change component parameters: Designator = "BT1" ("BT1"); Footprint = "BATHLD-001"; UniqueID = "\BLSKBXGM" ("\BLSKBXGM")
Change component parameters (AddParameter): Name = "Battery Series"; Value = "2032"; VariantName = "[No Variations]"
Change component parameters (AddParameter): Name = "Battery Type, Function"; Value = "Coin Cell, Retainer"; VariantName = "[No Variations]"
Change component parameters (AddParameter): Name = "Category"; Value = "Battery Products"; VariantName = "[No Variations]"
Change component parameters (AddParameter): Name = "ComponentLink1Description"; Value = "Manufacturer URL"; VariantName = "[No Variations]"
Change component parameters (AddParameter): Name = "ComponentLink1URL"; Value = "http://www.memoryprotectiondevices.com/"; VariantName = "[No Variations]"
Change component parameters (AddParameter): Name = "ComponentLink2Description"; Value = "Datasheet"; VariantName = "[No Variations]"
Change component parameters (AddParameter): Name = "ComponentLink2URL"; Value = "http://www.memoryprotectiondevices.com/datasheets/BK-912-datasheet.pdf"; VariantName = "[No Variations]"
Change component parameters (AddParameter): Name = "ComponentLink3Description"; Value = "Package Specification"; VariantName = "[No Variations]"
Change component parameters (AddParameter): Name = "ComponentLink3URL"; Value = "http://www.memoryprotectiondevices.com/datasheets/BK-912-datasheet.pdf"; VariantName = "[No Variations]"
Change component parameters (AddParameter): Name = "Family"; Value = "Battery Holders, Clips, Contacts"; VariantName = "[No Variations]"
Change component parameters (AddParameter): Name = "Manufacturer"; Value = "Memory Protection Devices"; VariantName = "[No Variations]"
Change component parameters (AddParameter): Name = "Mounting Technology"; Value = "Surface Mount"; VariantName = "[No Variations]"
Change component parameters (AddParameter): Name = "Number of Cells"; Value = "1"; VariantName = "[No Variations]"
Change component parameters (AddParameter): Name = "PackageDescription"; Value = "3-Pin, CN-DIN, Body 21.08x15.24mm"; VariantName = "[No Variations]"
Change component parameters (AddParameter): Name = "PackageReference"; Value = "CN-DIN-3"; VariantName = "[No Variations]"
Change component parameters (AddParameter): Name = "PartNumber"; Value = "BK-912-TR"; VariantName = "[No Variations]"
Add Component: Footprint Not Found CAPC0603X03L
Add Component: Footprint Not Found CAPC0603X03L
Add Component: Footprint Not Found CAPC0603X03L
Add Component: Footprint Not Found CAPC0603X03L
Add Component: Footprint Not Found CAPC0603X03L
Add Component: Footprint Not Found CAPC0603X03L
Add Component: Footprint Not Found CAPC1005X04L
Add Component: Footprint Not Found CAPC0603X03L
Add Component: Footprint Not Found CAPC0603X03L
Add Component: Footprint Not Found CAPC0603X03L
Add Component: Footprint Not Found CAPC0603X03L
Add Component: Footprint Not Found CAPC1608X06L
Add Component: Footprint Not Found INDC0603X03L
Add Component: Footprint Not Found INDC1005X04L
Add Component: Footprint Not Found INDC1608X06L
Add Component: Footprint Not Found BT-XTAL_2016
Add Pin To Net: Unknown Pin: Pin C1-1
Add Pin To Net: Unknown Pin: Pin C1-2
Add Pin To Net: Unknown Pin: Pin C2-1
Add Pin To Net: Unknown Pin: Pin C2-2
Add Pin To Net: Unknown Pin: Pin C3-1
Add Pin To Net: Unknown Pin: Pin C3-2
Add Pin To Net: Unknown Pin: Pin C4-1
Add Pin To Net: Unknown Pin: Pin C4-2
Add Pin To Net: Unknown Pin: Pin C5-1
Add Pin To Net: Unknown Pin: Pin C5-2
Add Pin To Net: Unknown Pin: Pin C6-1
Add Pin To Net: Unknown Pin: Pin C6-2
Add Pin To Net: Unknown Pin: Pin C7-1
Add Pin To Net: Unknown Pin: Pin C7-2
Add Pin To Net: Unknown Pin: Pin C8-1
Add Pin To Net: Unknown Pin: Pin C8-2
Add Pin To Net: Unknown Pin: Pin C9-1
Add Pin To Net: Unknown Pin: Pin C9-2
Add Pin To Net: Unknown Pin: Pin C10-1
Add Pin To Net: Unknown Pin: Pin C10-2
Add Pin To Net: Unknown Pin: Pin C11-1
Add Pin To Net: Unknown Pin: Pin C11-2
Add Pin To Net: Unknown Pin: Pin C12-1
Add Pin To Net: Unknown Pin: Pin C12-2
Add Pin To Net: Unknown Pin: Pin L1-1
Add Pin To Net: Unknown Pin: Pin L1-2
Add Pin To Net: Unknown Pin: Pin L2-1
Add Pin To Net: Unknown Pin: Pin L2-2
Add Pin To Net: Unknown Pin: Pin L3-1
Add Pin To Net: Unknown Pin: Pin L3-2
Add Pin To Net: Unknown Pin: Pin X1-1
Add Pin To Net: Unknown Pin: Pin X1-2
Add Pin To Net: Unknown Pin: Pin X1-3
Add Pin To Net: Unknown Pin: Pin X1-4
