Add Component: Footprint Not Found CAPC0603X03L
Add Component: Footprint Not Found CAPC0603X03L
Add Component: Footprint Not Found CAPC0603X03L
Add Component: Footprint Not Found CAPC0603X03L
Add Component: Footprint Not Found CAPC0603X03L
Add Component: Footprint Not Found CAPC0603X03L
Add Component: Footprint Not Found CAPC1005X04L
Add Component: Footprint Not Found CAPC0603X03L
Add Component: Footprint Not Found CAPC0603X03L
Add Component: Footprint Not Found CAPC0603X03L
Add Component: Footprint Not Found CAPC0603X03L
Add Component: Footprint Not Found CAPC1608X06L
Add Component: Footprint Not Found INDC0603X03L
Add Component: Footprint Not Found INDC1005X04L
Add Component: Footprint Not Found INDC1608X06L
Add Component: Footprint Not Found BT-XTAL_2016
Add Pin To Net: Unknown Pin: Pin C1-1
Add Pin To Net: Unknown Pin: Pin C1-2
Add Pin To Net: Unknown Pin: Pin C2-1
Add Pin To Net: Unknown Pin: Pin C2-2
Add Pin To Net: Unknown Pin: Pin C3-1
Add Pin To Net: Unknown Pin: Pin C3-2
Add Pin To Net: Unknown Pin: Pin C4-1
Add Pin To Net: Unknown Pin: Pin C4-2
Add Pin To Net: Unknown Pin: Pin C5-1
Add Pin To Net: Unknown Pin: Pin C5-2
Add Pin To Net: Unknown Pin: Pin C6-1
Add Pin To Net: Unknown Pin: Pin C6-2
Add Pin To Net: Unknown Pin: Pin C7-1
Add Pin To Net: Unknown Pin: Pin C7-2
Add Pin To Net: Unknown Pin: Pin C8-1
Add Pin To Net: Unknown Pin: Pin C8-2
Add Pin To Net: Unknown Pin: Pin C9-1
Add Pin To Net: Unknown Pin: Pin C9-2
Add Pin To Net: Unknown Pin: Pin C10-1
Add Pin To Net: Unknown Pin: Pin C10-2
Add Pin To Net: Unknown Pin: Pin C11-1
Add Pin To Net: Unknown Pin: Pin C11-2
Add Pin To Net: Unknown Pin: Pin C12-1
Add Pin To Net: Unknown Pin: Pin C12-2
Add Pin To Net: Unknown Pin: Pin L1-1
Add Pin To Net: Unknown Pin: Pin L1-2
Add Pin To Net: Unknown Pin: Pin L2-1
Add Pin To Net: Unknown Pin: Pin L2-2
Add Pin To Net: Unknown Pin: Pin L3-1
Add Pin To Net: Unknown Pin: Pin L3-2
Add Pin To Net: Unknown Pin: Pin X1-1
Add Pin To Net: Unknown Pin: Pin X1-2
Add Pin To Net: Unknown Pin: Pin X1-3
Add Pin To Net: Unknown Pin: Pin X1-4
